<?xml version="1.0" encoding="UTF-8"?>
<!-- Generated by org.testng.reporters.JUnitReportReporter -->
<testsuite hostname="DESKTOP-HFI9O76" failures="0" tests="2" name="com.frameWork_Practice.Test.TC_001" time="2.504" errors="0" timestamp="2022-05-23T21:30:02 IST" skipped="1">
  <testcase classname="com.frameWork_Practice.Test.TC_001" name="navigation" time="2.504"/>
  <system-out/>
  <testcase classname="com.frameWork_Practice.Test.TC_001" name="readData">
    <skipped/>
  </testcase> <!-- readData -->
  <system-out/>
</testsuite> <!-- com.frameWork_Practice.Test.TC_001 -->
